<?xml version="1.0" encoding="UTF-8"?>
<!-- Generated by org.testng.reporters.JUnitReportReporter -->
<testsuite hostname="DESKTOP-84DBICK" failures="0" tests="1" name="Practice.MYpractice.faceBook" time="20.423" errors="0" timestamp="2024-02-12T13:45:34 IST" skipped="0">
  <testcase classname="Practice.MYpractice.faceBook" name="PlaceOrder" time="20.423"/>
</testsuite> <!-- Practice.MYpractice.faceBook -->
