<?xml version="1.0" encoding="UTF-8"?>
<!-- Generated by org.testng.reporters.JUnitReportReporter -->
<testsuite hostname="DESKTOP-84DBICK" failures="0" tests="3" name="Practice.MYpractice.SubmitOrder" time="44.796" errors="0" timestamp="2024-02-09T15:48:17 IST" skipped="0">
  <testcase classname="Practice.MYpractice.SubmitOrder" name="PlaceOrder" time="23.015"/>
  <testcase classname="Practice.MYpractice.SubmitOrder" name="PlaceOrder" time="11.144"/>
  <testcase classname="Practice.MYpractice.SubmitOrder" name="orderHistory" time="10.637"/>
</testsuite> <!-- Practice.MYpractice.SubmitOrder -->
