<?xml version="1.0" encoding="UTF-8"?>
<!-- Generated by org.testng.reporters.JUnitReportReporter -->
<testsuite hostname="DESKTOP-84DBICK" failures="0" tests="1" name="Practice.MYpractice.STANDALONE" time="16.143" errors="0" timestamp="2024-02-07T10:10:13 IST" skipped="0">
  <testcase classname="Practice.MYpractice.STANDALONE" name="PlaceOrder" time="16.143"/>
</testsuite> <!-- Practice.MYpractice.STANDALONE -->
